<?xml version="1.0" encoding="UTF-8"?>
<!-- Generated by org.testng.reporters.JUnitXMLReporter -->
<testsuite ignored="1" hostname="Balaji" failures="0" tests="1" name="Default test" time="62.486" errors="0" timestamp="2022-07-20T14:53:23 IST">
  <testcase classname="com.sg.test.LoginTest" name="validCredentialTest" time="8.735"/>
  <testcase classname="com.sg.test.LoginTest" name="invalidCredentialTest" time="0.0">
    <ignored/>
  </testcase> <!-- invalidCredentialTest -->
</testsuite> <!-- Default test -->
