<?xml version="1.0" encoding="UTF-8"?>
<testng-results ignored="0" total="1" passed="1" failed="0" skipped="0">
  <reporter-output>
  </reporter-output>
  <suite started-at="2022-07-22T18:24:58 IST" name="Orange HRM Suite" finished-at="2022-07-22T18:25:14 IST" duration-ms="15736">
    <groups>
      <group name="low">
        <method signature="LoginUITest.verifyTitleTest()[pri:0, instance:com.sg.test.LoginUITest@229c6181]" name="verifyTitleTest" class="com.sg.test.LoginUITest"/>
      </group> <!-- low -->
      <group name="positive">
        <method signature="LoginUITest.verifyTitleTest()[pri:0, instance:com.sg.test.LoginUITest@229c6181]" name="verifyTitleTest" class="com.sg.test.LoginUITest"/>
      </group> <!-- positive -->
    </groups>
    <test started-at="2022-07-22T18:24:58 IST" name="Orange HRM Test-Chrome1" finished-at="2022-07-22T18:25:14 IST" duration-ms="15736">
      <class name="com.sg.test.LoginUITest">
        <test-method is-config="true" signature="init()[pri:0, instance:com.sg.test.LoginUITest@229c6181]" started-at="2022-07-22T18:24:57 IST" name="init" finished-at="2022-07-22T18:24:58 IST" duration-ms="905" status="PASS">
          <reporter-output>
          </reporter-output>
        </test-method> <!-- init -->
        <test-method is-config="true" signature="setup(java.lang.String,java.lang.String,java.lang.reflect.Method)[pri:0, instance:com.sg.test.LoginUITest@229c6181]" started-at="2022-07-22T18:24:58 IST" name="setup" finished-at="2022-07-22T18:25:13 IST" duration-ms="14967" status="PASS">
          <params>
            <param index="0">
              <value>
                <![CDATA[ch]]>
              </value>
            </param>
            <param index="1">
              <value>
                <![CDATA[yes]]>
              </value>
            </param>
            <param index="2">
              <value>
                <![CDATA[public void com.sg.test.LoginUITest.verifyTitleTest()]]>
              </value>
            </param>
          </params>
          <reporter-output>
          </reporter-output>
        </test-method> <!-- setup -->
        <test-method signature="verifyTitleTest()[pri:0, instance:com.sg.test.LoginUITest@229c6181]" started-at="2022-07-22T18:25:13 IST" name="verifyTitleTest" finished-at="2022-07-22T18:25:13 IST" duration-ms="68" status="PASS">
          <reporter-output>
          </reporter-output>
        </test-method> <!-- verifyTitleTest -->
        <test-method is-config="true" signature="teardown(org.testng.ITestResult)[pri:0, instance:com.sg.test.LoginUITest@229c6181]" started-at="2022-07-22T18:25:13 IST" name="teardown" finished-at="2022-07-22T18:25:14 IST" duration-ms="604" status="PASS">
          <params>
            <param index="0">
              <value>
                <![CDATA[[TestResult name=verifyTitleTest status=SUCCESS method=LoginUITest.verifyTitleTest()[pri:0, instance:com.sg.test.LoginUITest@229c6181] output={null}]]]>
              </value>
            </param>
          </params>
          <reporter-output>
          </reporter-output>
        </test-method> <!-- teardown -->
        <test-method is-config="true" signature="end()[pri:0, instance:com.sg.test.LoginUITest@229c6181]" started-at="2022-07-22T18:25:14 IST" name="end" finished-at="2022-07-22T18:25:15 IST" duration-ms="831" status="PASS">
          <reporter-output>
          </reporter-output>
        </test-method> <!-- end -->
      </class> <!-- com.sg.test.LoginUITest -->
    </test> <!-- Orange HRM Test-Chrome1 -->
  </suite> <!-- Orange HRM Suite -->
</testng-results>
