<?xml version="1.0" encoding="UTF-8"?>
<!-- Generated by org.testng.reporters.JUnitXMLReporter -->
<testsuite ignored="1" hostname="Balaji" failures="0" tests="4" name="Orange HRM Test" time="33.638" errors="0" timestamp="2022-07-20T14:39:46 IST">
  <testcase classname="com.sg.test.LoginUITest" name="verifyTitleTest" time="0.021"/>
  <testcase classname="com.sg.test.LoginTest" name="invalidCredentialTest" time="1.743"/>
  <testcase classname="com.sg.test.LoginTest" name="invalidCredentialTest" time="1.726"/>
  <testcase classname="com.sg.test.LoginTest" name="invalidCredentialTest" time="1.8"/>
  <testcase classname="com.sg.test.LoginTest" name="validCredentialTest" time="0.0">
    <ignored/>
  </testcase> <!-- validCredentialTest -->
</testsuite> <!-- Orange HRM Test -->
