<?xml version="1.0" encoding="UTF-8"?>
<!-- Generated by org.testng.reporters.JUnitXMLReporter -->
<testsuite ignored="1" hostname="Balaji" failures="0" tests="2" name="Orange HRM Test-Chrome1" time="24.45" errors="0" timestamp="2022-07-20T14:32:35 IST">
  <testcase classname="com.sg.test.LoginTest" name="validCredentialTest" time="4.679"/>
  <testcase classname="com.sg.test.LoginTest" name="validCredentialTest" time="4.715"/>
  <testcase classname="com.sg.test.LoginTest" name="invalidCredentialTest" time="0.0">
    <ignored/>
  </testcase> <!-- invalidCredentialTest -->
</testsuite> <!-- Orange HRM Test-Chrome1 -->
